<?xml version="1.0" encoding="UTF-8"?>
<testng-results ignored="0" total="1" passed="1" failed="0" skipped="0">
  <reporter-output>
  </reporter-output>
  <suite started-at="2024-07-25T20:51:57 EET" name="Default suite" finished-at="2024-07-25T20:52:10 EET" duration-ms="13197">
    <groups>
    </groups>
    <test started-at="2024-07-25T20:51:57 EET" name="Default test" finished-at="2024-07-25T20:52:10 EET" duration-ms="13197">
      <class name="MyFirstTest.Test1">
        <test-method is-config="true" signature="mySetup()[pri:0, instance:MyFirstTest.Test1@44c79f32]" started-at="2024-07-25T20:51:57 EET" name="mySetup" finished-at="2024-07-25T20:51:59 EET" duration-ms="2380" status="PASS">
          <reporter-output>
          </reporter-output>
        </test-method> <!-- mySetup -->
        <test-method signature="test1()[pri:0, instance:MyFirstTest.Test1@44c79f32]" started-at="2024-07-25T20:51:59 EET" name="test1" finished-at="2024-07-25T20:52:10 EET" duration-ms="10767" status="PASS">
          <reporter-output>
          </reporter-output>
        </test-method> <!-- test1 -->
      </class> <!-- MyFirstTest.Test1 -->
    </test> <!-- Default test -->
  </suite> <!-- Default suite -->
</testng-results>
